{"event": "earphone", "ts": 1767801718.684181}
{"event": "jacket", "ts": 1767801718.6870973}
{"event": "hat", "ts": 1767801718.6872056}
{"event": "hat", "ts": 1767801718.6872778}
{"event": "hat", "ts": 1767801718.6873517}
{"event": "hat", "ts": 1767801719.6997912}
{"event": "jacket", "ts": 1767801719.7010312}
{"event": "hat", "ts": 1767801719.7017794}
{"event": "apple", "ts": 1767801719.7038052}
{"event": "hat", "ts": 1767801719.7078052}
{"event": "hat", "ts": 1767801720.7170677}
{"event": "hat", "ts": 1767801720.7176414}
{"event": "hat", "ts": 1767801720.717742}
{"event": "hat", "ts": 1767801720.717998}
{"event": "hat", "ts": 1767801720.7180812}
{"event": "hat", "ts": 1767801721.72403}
{"event": "hat", "ts": 1767801721.7247927}
{"event": "earphone", "ts": 1767801721.7249682}
{"event": "apple", "ts": 1767801721.7250576}
{"event": "hat", "ts": 1767801721.7251384}
{"event": "hat", "ts": 1767801722.7300506}
{"event": "hat", "ts": 1767801722.7350945}
{"event": "hat", "ts": 1767801722.7354345}
{"event": "hat", "ts": 1767801722.7381349}
{"event": "hat", "ts": 1767801722.7388585}
{"event": "hat", "ts": 1767801723.7462666}
{"event": "earphone", "ts": 1767801723.7469573}
{"event": "hat", "ts": 1767801723.7470922}
{"event": "hat", "ts": 1767801723.7471778}
{"event": "hat", "ts": 1767801723.7472613}
{"event": "hat", "ts": 1767801724.7586083}
{"event": "hat", "ts": 1767801724.7594042}
{"event": "hat", "ts": 1767801724.7616756}
{"event": "banana", "ts": 1767801724.7620223}
{"event": "hat", "ts": 1767801724.7621248}
{"event": "dog", "ts": 1767801725.7710445}
{"event": "apple", "ts": 1767801725.7720096}
{"event": "hat", "ts": 1767801725.7725573}
{"event": "hat", "ts": 1767801725.7727244}
{"event": "hat", "ts": 1767801725.7728004}
{"event": "hat", "ts": 1767801726.7815788}
{"event": "ice", "ts": 1767801726.7819827}
{"event": "hat", "ts": 1767801726.7820616}
{"event": "hat", "ts": 1767801726.7821336}
{"event": "hat", "ts": 1767801726.7822032}
{"event": "banana", "ts": 1767801727.7966802}
{"event": "hat", "ts": 1767801727.797309}
{"event": "hat", "ts": 1767801727.7974114}
{"event": "hat", "ts": 1767801727.797511}
{"event": "fan", "ts": 1767801727.7976034}
{"event": "hat", "ts": 1767801728.8042948}
{"event": "hat", "ts": 1767801728.805135}
{"event": "hat", "ts": 1767801728.8052979}
{"event": "apple", "ts": 1767801728.8053982}
{"event": "hat", "ts": 1767801728.8054836}
{"event": "hat", "ts": 1767801729.819235}
{"event": "hat", "ts": 1767801729.819916}
{"event": "hat", "ts": 1767801729.8200483}
{"event": "hat", "ts": 1767801729.8201313}
{"event": "hat", "ts": 1767801729.8202076}
{"event": "hat", "ts": 1767801730.8265574}
{"event": "hat", "ts": 1767801730.827108}
{"event": "hat", "ts": 1767801730.8272204}
{"event": "hat", "ts": 1767801730.827307}
{"event": "hat", "ts": 1767801730.8273861}
{"event": "dog", "ts": 1767801731.8361673}
{"event": "banana", "ts": 1767801731.8377306}
{"event": "hat", "ts": 1767801731.8380814}
{"event": "hat", "ts": 1767801731.8382008}
{"event": "ice", "ts": 1767801731.8383143}
{"event": "hat", "ts": 1767801732.8415637}
{"event": "hat", "ts": 1767801732.8421392}
{"event": "hat", "ts": 1767801732.8422587}
{"event": "carrot", "ts": 1767801732.8429642}
{"event": "hat", "ts": 1767801732.8431292}
{"event": "banana", "ts": 1767801733.8544312}
{"event": "dog", "ts": 1767801733.8549693}
{"event": "dog", "ts": 1767801733.8550835}
{"event": "dog", "ts": 1767801733.855163}
{"event": "dog", "ts": 1767801733.8552403}
{"event": "dog", "ts": 1767801734.8615718}
{"event": "dog", "ts": 1767801734.8619885}
{"event": "dog", "ts": 1767801734.8621037}
{"event": "carrot", "ts": 1767801734.862301}
{"event": "dog", "ts": 1767801734.863652}
{"event": "dog", "ts": 1767801735.8679366}
{"event": "dog", "ts": 1767801735.8687708}
{"event": "apple", "ts": 1767801735.8691308}
{"event": "dog", "ts": 1767801735.869254}
{"event": "dog", "ts": 1767801735.869337}
{"event": "dog", "ts": 1767801736.876113}
{"event": "dog", "ts": 1767801736.9258893}
{"event": "apple", "ts": 1767801736.9262216}
{"event": "dog", "ts": 1767801736.9263163}
{"event": "dog", "ts": 1767801736.926397}
{"event": "dog", "ts": 1767801737.9308615}
{"event": "dog", "ts": 1767801737.9311476}
{"event": "dog", "ts": 1767801737.9312274}
{"event": "dog", "ts": 1767801737.9313037}
{"event": "dog", "ts": 1767801737.9313762}
{"event": "dog", "ts": 1767801738.936946}
{"event": "dog", "ts": 1767801738.9374483}
{"event": "jacket", "ts": 1767801738.9375849}
{"event": "dog", "ts": 1767801738.9376647}
{"event": "dog", "ts": 1767801738.9377346}
{"event": "dog", "ts": 1767801740.095715}
{"event": "dog", "ts": 1767801740.0963717}
{"event": "dog", "ts": 1767801740.0964758}
{"event": "dog", "ts": 1767801740.0965812}
{"event": "ice", "ts": 1767801740.0966654}
{"event": "glass", "ts": 1767808780.066832}
{"event": "glass", "ts": 1767808780.0732377}
{"event": "ice", "ts": 1767808780.07358}
{"event": "glass", "ts": 1767808780.0736907}
{"event": "glass", "ts": 1767808780.0737705}
{"event": "banana", "ts": 1767809134.2767444}
{"event": "banana", "ts": 1767809134.277548}
{"event": "banana", "ts": 1767809134.2777157}
{"event": "banana", "ts": 1767809134.2777967}
{"event": "apple", "ts": 1767809134.277893}
{"event": "earphone", "ts": 1767809135.2818098}
{"event": "hat", "ts": 1767809135.2824745}
{"event": "banana", "ts": 1767809135.2842202}
{"event": "banana", "ts": 1767809135.2844586}
{"event": "banana", "ts": 1767809135.2845688}
{"event": "banana", "ts": 1767809136.286574}
{"event": "banana", "ts": 1767809136.2869806}
{"event": "banana", "ts": 1767809136.2870786}
{"event": "banana", "ts": 1767809136.2871766}
{"event": "banana", "ts": 1767809136.2872555}
{"event": "banana", "ts": 1767809137.2889335}
{"event": "banana", "ts": 1767809137.2893372}
{"event": "banana", "ts": 1767809137.2894506}
{"event": "banana", "ts": 1767809137.2895613}
{"event": "banana", "ts": 1767809137.2896507}
{"event": "banana", "ts": 1767809138.291317}
{"event": "banana", "ts": 1767809138.291675}
{"event": "banana", "ts": 1767809138.2917752}
{"event": "banana", "ts": 1767809138.291856}
{"event": "glass", "ts": 1767809138.2919557}
{"event": "banana", "ts": 1767809139.2955976}
{"event": "banana", "ts": 1767809139.2959826}
{"event": "banana", "ts": 1767809139.2960865}
{"event": "dog", "ts": 1767809139.296178}
{"event": "banana", "ts": 1767809139.2962618}
{"event": "banana", "ts": 1767809140.2987134}
{"event": "banana", "ts": 1767809140.299189}
{"event": "banana", "ts": 1767809140.2993424}
{"event": "banana", "ts": 1767809140.2994363}
{"event": "banana", "ts": 1767809140.299554}
{"event": "banana", "ts": 1767809141.3022835}
{"event": "banana", "ts": 1767809141.30273}
{"event": "banana", "ts": 1767809141.3028398}
{"event": "fan", "ts": 1767809141.3029368}
{"event": "banana", "ts": 1767809141.3030214}
{"event": "banana", "ts": 1767809142.3046706}
{"event": "banana", "ts": 1767809142.305088}
{"event": "banana", "ts": 1767809142.3051965}
{"event": "banana", "ts": 1767809142.3052828}
{"event": "banana", "ts": 1767809142.305372}
{"event": "banana", "ts": 1767809143.3088832}
{"event": "banana", "ts": 1767809143.3091912}
{"event": "fan", "ts": 1767809143.3092947}
{"event": "banana", "ts": 1767809143.3093824}
{"event": "banana", "ts": 1767809143.3094592}
{"event": "banana", "ts": 1767809144.311193}
{"event": "banana", "ts": 1767809144.3115013}
{"event": "banana", "ts": 1767809144.3116014}
{"event": "banana", "ts": 1767809144.3116858}
{"event": "banana", "ts": 1767809144.3117764}
{"event": "banana", "ts": 1767809145.3139513}
{"event": "banana", "ts": 1767809145.3142996}
{"event": "glass", "ts": 1767809145.314403}
{"event": "apple", "ts": 1767809145.31451}
{"event": "banana", "ts": 1767809145.3145993}
{"event": "banana", "ts": 1767809146.3165948}
{"event": "banana", "ts": 1767809146.316871}
{"event": "banana", "ts": 1767809146.3169622}
{"event": "banana", "ts": 1767809146.3170452}
{"event": "banana", "ts": 1767809146.317124}
{"event": "carrot", "ts": 1767809147.3195899}
{"event": "banana", "ts": 1767809147.319897}
{"event": "banana", "ts": 1767809147.3199852}
{"event": "banana", "ts": 1767809147.3200672}
{"event": "banana", "ts": 1767809147.320155}
{"event": "banana", "ts": 1767809547.5716403}
{"event": "banana", "ts": 1767809547.577748}
{"event": "carrot", "ts": 1767809547.5808856}
{"event": "banana", "ts": 1767809547.581414}
{"event": "dog", "ts": 1767809547.581757}
{"event": "jacket", "ts": 1767809548.585875}
{"event": "jacket", "ts": 1767809548.5861795}
{"event": "banana", "ts": 1767809548.586269}
{"event": "banana", "ts": 1767809548.5863473}
{"event": "banana", "ts": 1767809548.5864208}
{"event": "glass", "ts": 1767809549.5882497}
{"event": "ice", "ts": 1767809549.5885677}
{"event": "banana", "ts": 1767809549.5886574}
{"event": "banana", "ts": 1767809549.58873}
{"event": "banana", "ts": 1767809549.5888102}
{"event": "banana", "ts": 1767809550.5904458}
{"event": "banana", "ts": 1767809550.5907688}
{"event": "ice", "ts": 1767809550.59086}
{"event": "dog", "ts": 1767809550.590947}
{"event": "banana", "ts": 1767809550.5910232}
{"event": "banana", "ts": 1767809551.5935705}
{"event": "banana", "ts": 1767809551.5938337}
{"event": "dog", "ts": 1767809551.5939202}
{"event": "banana", "ts": 1767809551.59401}
{"event": "banana", "ts": 1767809551.5940864}
{"event": "banana", "ts": 1767809552.5957627}
{"event": "banana", "ts": 1767809552.5960581}
{"event": "banana", "ts": 1767809552.5961368}
{"event": "banana", "ts": 1767809552.5962157}
{"event": "jacket", "ts": 1767809552.5963016}
{"event": "glass", "ts": 1767809553.5978558}
{"event": "fan", "ts": 1767809553.59818}
{"event": "banana", "ts": 1767809553.5982614}
{"event": "banana", "ts": 1767809553.5983384}
{"event": "banana", "ts": 1767809553.598411}
{"event": "apple", "ts": 1767809554.603205}
{"event": "banana", "ts": 1767809554.6034794}
{"event": "ice", "ts": 1767809554.6035776}
{"event": "banana", "ts": 1767809554.603659}
{"event": "banana", "ts": 1767809554.6037343}
{"event": "fan", "ts": 1767809555.6058736}
{"event": "banana", "ts": 1767809555.6061714}
{"event": "banana", "ts": 1767809555.6062534}
{"event": "banana", "ts": 1767809555.6063342}
{"event": "banana", "ts": 1767809555.6064112}
{"event": "banana", "ts": 1767809556.6080575}
{"event": "banana", "ts": 1767809556.608354}
{"event": "banana", "ts": 1767809556.6084332}
{"event": "banana", "ts": 1767809556.6085272}
{"event": "banana", "ts": 1767809556.6086073}
{"event": "banana", "ts": 1767809557.610871}
{"event": "banana", "ts": 1767809557.6111715}
{"event": "banana", "ts": 1767809557.6112592}
{"event": "banana", "ts": 1767809557.611339}
{"event": "banana", "ts": 1767809557.6114125}
{"event": "banana", "ts": 1767809558.6138618}
{"event": "banana", "ts": 1767809558.6143315}
{"event": "banana", "ts": 1767809558.614458}
{"event": "banana", "ts": 1767809558.6145709}
{"event": "banana", "ts": 1767809558.6146598}
{"event": "banana", "ts": 1767809559.616399}
{"event": "banana", "ts": 1767809559.6167138}
{"event": "banana", "ts": 1767809559.6167996}
{"event": "banana", "ts": 1767809559.6168852}
{"event": "banana", "ts": 1767809559.6169672}
{"event": "banana", "ts": 1767815705.5096712}
{"event": "banana", "ts": 1767815705.5189059}
{"event": "banana", "ts": 1767815705.5191085}
{"event": "banana", "ts": 1767815705.5192735}
{"event": "banana", "ts": 1767815705.5193455}
{"event": "apple", "ts": 1767815706.5231876}
{"event": "banana", "ts": 1767815706.5242364}
{"event": "banana", "ts": 1767815706.5244558}
{"event": "banana", "ts": 1767815706.5245664}
{"event": "banana", "ts": 1767815706.5246437}
{"event": "banana", "ts": 1767815707.5295563}
{"event": "banana", "ts": 1767815707.5299423}
{"event": "earphone", "ts": 1767815707.5300362}
{"event": "apple", "ts": 1767815707.530112}
{"event": "banana", "ts": 1767815707.5301855}
{"event": "earphone", "ts": 1767815708.5385873}
{"event": "banana", "ts": 1767815708.5389142}
{"event": "banana", "ts": 1767815708.5389996}
{"event": "banana", "ts": 1767815708.5390773}
{"event": "banana", "ts": 1767815708.5391479}
{"event": "banana", "ts": 1767815709.5455115}
{"event": "banana", "ts": 1767815709.5458207}
{"event": "banana", "ts": 1767815709.545896}
{"event": "banana", "ts": 1767815709.5459652}
{"event": "banana", "ts": 1767815709.5460334}
{"event": "banana", "ts": 1767815710.5494766}
{"event": "banana", "ts": 1767815710.5501912}
{"event": "banana", "ts": 1767815710.550332}
{"event": "banana", "ts": 1767815710.5504062}
{"event": "banana", "ts": 1767815710.5504732}
{"event": "banana", "ts": 1767815711.5616667}
{"event": "banana", "ts": 1767815711.5619857}
{"event": "banana", "ts": 1767815711.5620584}
{"event": "banana", "ts": 1767815711.5621238}
{"event": "banana", "ts": 1767815711.5621877}
{"event": "banana", "ts": 1767815712.5694873}
{"event": "banana", "ts": 1767815712.5803883}
{"event": "banana", "ts": 1767815712.587841}
{"event": "banana", "ts": 1767815712.5882745}
{"event": "banana", "ts": 1767815712.5884404}
{"event": "banana", "ts": 1767815713.5975873}
{"event": "banana", "ts": 1767815713.5979133}
{"event": "banana", "ts": 1767815713.597995}
{"event": "banana", "ts": 1767815713.5980642}
{"event": "banana", "ts": 1767815713.598129}
{"event": "banana", "ts": 1767815714.602874}
{"event": "banana", "ts": 1767815714.6033072}
{"event": "fan", "ts": 1767815714.6033964}
{"event": "banana", "ts": 1767815714.603467}
{"event": "banana", "ts": 1767815714.6035736}
{"event": "banana", "ts": 1767815715.6096559}
{"event": "banana", "ts": 1767815715.611874}
{"event": "carrot", "ts": 1767815715.6120894}
{"event": "banana", "ts": 1767815715.6121588}
{"event": "banana", "ts": 1767815715.6122236}
{"event": "banana", "ts": 1767815716.6226764}
{"event": "banana", "ts": 1767815716.6234336}
{"event": "fan", "ts": 1767815716.62361}
{"event": "banana", "ts": 1767815716.6237087}
{"event": "banana", "ts": 1767815716.6238034}
{"event": "banana", "ts": 1767815717.633365}
{"event": "hat", "ts": 1767815717.6349013}
{"event": "banana", "ts": 1767815717.6352527}
{"event": "banana", "ts": 1767815717.6353598}
{"event": "banana", "ts": 1767815717.635448}
{"event": "banana", "ts": 1767815718.6427646}
{"event": "banana", "ts": 1767815718.6435995}
{"event": "banana", "ts": 1767815718.6437383}
{"event": "banana", "ts": 1767815718.6438248}
{"event": "banana", "ts": 1767815718.643917}
{"event": "banana", "ts": 1767815719.6488242}
{"event": "banana", "ts": 1767815719.6491518}
{"event": "banana", "ts": 1767815719.6492305}
{"event": "banana", "ts": 1767815719.6493032}
{"event": "banana", "ts": 1767815719.649383}
{"event": "fan", "ts": 1767815720.6527112}
{"event": "apple", "ts": 1767815720.6533859}
{"event": "fan", "ts": 1767815720.6535168}
{"event": "fan", "ts": 1767815720.6536126}
{"event": "fan", "ts": 1767815720.6536908}
